make[2]: *** No rule to make target '/usr/lib/x86_64-linux-gnu/libconsole_bridge.so.0.4RayPlugin', needed by '/home/matt/disarm/disarm_ws/devel/.private/disarm_simulation/lib/libdisarm_plugin.so'.  Stop.
make[1]: *** [CMakeFiles/Makefile2:240: CMakeFiles/disarm_plugin.dir/all] Error 2
make[1]: *** Waiting for unfinished jobs....
In file included from [01m[K/usr/include/ignition/math6/ignition/math/Spline.hh:22[m[K,
                 from [01m[K/usr/include/gazebo-11/gazebo/common/Animation.hh:22[m[K,
                 from [01m[K/usr/include/gazebo-11/gazebo/common/common.hh:5[m[K,
                 from [01m[K/usr/include/gazebo-11/gazebo/gazebo_core.hh:19[m[K,
                 from [01m[K/usr/include/gazebo-11/gazebo/gazebo.hh:20[m[K,
                 from [01m[K/home/matt/disarm/disarm_ws/src/disarm_simulation/plugins/sensor_plugin.cc:5[m[K:
[01m[K/usr/include/ignition/math6/ignition/math/Helpers.hh:37:13:[m[K [01;35m[Kwarning: [m[Kvariable templates only available with â€˜[01m[K-std=c++14[m[Kâ€™ or â€˜[01m[K-std=gnu++14[m[Kâ€™
   37 | constexpr T [01;35m[KIGN_MASSMATRIX3_DEFAULT_TOLERANCE[m[K = T(10);
      |             [01;35m[K^~~~~~~~~~~~~~~~~~~~~~~~~~~~~~~~~[m[K
In file included from [01m[K/usr/include/sdformat-9.2/sdf/Element.hh:28[m[K,
                 from [01m[K/usr/include/sdformat-9.2/sdf/Actor.hh:25[m[K,
                 from [01m[K/usr/include/sdformat-9.2/sdf/sdf.hh:2[m[K,
                 from [01m[K/usr/include/gazebo-11/gazebo/common/Battery.hh:25[m[K,
                 from [01m[K/usr/include/gazebo-11/gazebo/common/common.hh:8[m[K,
                 from [01m[K/usr/include/gazebo-11/gazebo/gazebo_core.hh:19[m[K,
                 from [01m[K/usr/include/gazebo-11/gazebo/gazebo.hh:20[m[K,
                 from [01m[K/home/matt/disarm/disarm_ws/src/disarm_simulation/plugins/sensor_plugin.cc:5[m[K:
[01m[K/usr/include/sdformat-9.2/sdf/Param.hh:72:57:[m[K [01;31m[Kerror: [m[Kexpected constructor, destructor, or type conversion before â€˜[01m[K;[m[Kâ€™ token
   72 |   template<class T> ParamStreamer(T) -> ParamStreamer<T>[01;31m[K;[m[K
      |                                                         [01;31m[K^[m[K
[01m[K/usr/include/sdformat-9.2/sdf/Param.hh:83:47:[m[K [01;31m[Kerror: [m[Kâ€˜[01m[Kvariant[m[Kâ€™ is not a member of â€˜[01m[Kstd[m[Kâ€™
   83 |                            ParamStreamer<std::[01;31m[Kvariant[m[K<Ts...>> sv)
      |                                               [01;31m[K^~~~~~~[m[K
[01m[K/usr/include/sdformat-9.2/sdf/Param.hh:83:47:[m[K [01;36m[Knote: [m[Kâ€˜[01m[Kstd::variant[m[Kâ€™ is only available from C++17 onwards
[01m[K/usr/include/sdformat-9.2/sdf/Param.hh:83:47:[m[K [01;31m[Kerror: [m[Kâ€˜[01m[Kvariant[m[Kâ€™ is not a member of â€˜[01m[Kstd[m[Kâ€™
[01m[K/usr/include/sdformat-9.2/sdf/Param.hh:83:47:[m[K [01;36m[Knote: [m[Kâ€˜[01m[Kstd::variant[m[Kâ€™ is only available from C++17 onwards
[01m[K/usr/include/sdformat-9.2/sdf/Param.hh:83:57:[m[K [01;31m[Kerror: [m[Kexpected parameter pack before â€˜[01m[K...[m[Kâ€™
   83 |                            ParamStreamer<std::variant<Ts[01;31m[K...[m[K>> sv)
      |                                                         [01;31m[K^~~[m[K
[01m[K/usr/include/sdformat-9.2/sdf/Param.hh:83:57:[m[K [01;31m[Kerror: [m[Ktemplate argument 1 is invalid
[01m[K/usr/include/sdformat-9.2/sdf/Param.hh:83:47:[m[K [01;31m[Kerror: [m[Kâ€˜[01m[Kvariant[m[Kâ€™ is not a member of â€˜[01m[Kstd[m[Kâ€™
   83 |                            ParamStreamer<std::[01;31m[Kvariant[m[K<Ts...>> sv)
      |                                               [01;31m[K^~~~~~~[m[K
[01m[K/usr/include/sdformat-9.2/sdf/Param.hh:83:47:[m[K [01;36m[Knote: [m[Kâ€˜[01m[Kstd::variant[m[Kâ€™ is only available from C++17 onwards
[01m[K/usr/include/sdformat-9.2/sdf/Param.hh:83:47:[m[K [01;31m[Kerror: [m[Kâ€˜[01m[Kvariant[m[Kâ€™ is not a member of â€˜[01m[Kstd[m[Kâ€™
[01m[K/usr/include/sdformat-9.2/sdf/Param.hh:83:47:[m[K [01;36m[Knote: [m[Kâ€˜[01m[Kstd::variant[m[Kâ€™ is only available from C++17 onwards
[01m[K/usr/include/sdformat-9.2/sdf/Param.hh:83:57:[m[K [01;31m[Kerror: [m[Kexpected parameter pack before â€˜[01m[K...[m[Kâ€™
   83 |                            ParamStreamer<std::variant<Ts[01;31m[K...[m[K>> sv)
      |                                                         [01;31m[K^~~[m[K
[01m[K/usr/include/sdformat-9.2/sdf/Param.hh:83:60:[m[K [01;31m[Kerror: [m[Ktemplate argument 1 is invalid
   83 |                            ParamStreamer<std::variant<Ts...[01;31m[K>>[m[K sv)
      |                                                            [01;31m[K^~[m[K
[01m[K/usr/include/sdformat-9.2/sdf/Param.hh:83:47:[m[K [01;31m[Kerror: [m[Kâ€˜[01m[Kvariant[m[Kâ€™ is not a member of â€˜[01m[Kstd[m[Kâ€™
   83 |                            ParamStreamer<std::[01;31m[Kvariant[m[K<Ts...>> sv)
      |                                               [01;31m[K^~~~~~~[m[K
[01m[K/usr/include/sdformat-9.2/sdf/Param.hh:83:47:[m[K [01;36m[Knote: [m[Kâ€˜[01m[Kstd::variant[m[Kâ€™ is only available from C++17 onwards
[01m[K/usr/include/sdformat-9.2/sdf/Param.hh:83:47:[m[K [01;31m[Kerror: [m[Kâ€˜[01m[Kvariant[m[Kâ€™ is not a member of â€˜[01m[Kstd[m[Kâ€™
[01m[K/usr/include/sdformat-9.2/sdf/Param.hh:83:47:[m[K [01;36m[Knote: [m[Kâ€˜[01m[Kstd::variant[m[Kâ€™ is only available from C++17 onwards
[01m[K/usr/include/sdformat-9.2/sdf/Param.hh:83:57:[m[K [01;31m[Kerror: [m[Kexpected parameter pack before â€˜[01m[K...[m[Kâ€™
   83 |                            ParamStreamer<std::variant<Ts[01;31m[K...[m[K>> sv)
      |                                                         [01;31m[K^~~[m[K
[01m[K/usr/include/sdformat-9.2/sdf/Param.hh:83:60:[m[K [01;31m[Kerror: [m[Ktemplate argument 1 is invalid
   83 |                            ParamStreamer<std::variant<Ts...[01;31m[K>>[m[K sv)
      |                                                            [01;31m[K^~[m[K
[01m[K/usr/include/sdformat-9.2/sdf/Param.hh:83:28:[m[K [01;31m[Kerror: [m[Kâ€˜[01m[KParamStreamer[m[Kâ€™ is not a type
   83 |                            [01;31m[KParamStreamer[m[K<std::variant<Ts...>> sv)
      |                            [01;31m[K^~~~~~~~~~~~~[m[K
[01m[K/usr/include/sdformat-9.2/sdf/Param.hh:83:41:[m[K [01;31m[Kerror: [m[Kexpected â€˜[01m[K,[m[Kâ€™ or â€˜[01m[K...[m[Kâ€™ before â€˜[01m[K<[m[Kâ€™ token
   83 |                            ParamStreamer[01;31m[K<[m[Kstd::variant<Ts...>> sv)
      |                                         [01;31m[K^[m[K
[01m[K/usr/include/sdformat-9.2/sdf/Param.hh:[m[K In function â€˜[01m[Kstd::ostream& sdf::v9::operator<<(std::ostream&, int)[m[Kâ€™:
[01m[K/usr/include/sdformat-9.2/sdf/Param.hh:85:10:[m[K [01;31m[Kerror: [m[Kâ€˜[01m[Kvisit[m[Kâ€™ is not a member of â€˜[01m[Kstd[m[Kâ€™
   85 |     std::[01;31m[Kvisit[m[K([&os](auto const &v)
      |          [01;31m[K^~~~~[m[K
[01m[K/usr/include/sdformat-9.2/sdf/Param.hh:85:10:[m[K [01;36m[Knote: [m[Kâ€˜[01m[Kstd::visit[m[Kâ€™ is only available from C++17 onwards
[01m[K/usr/include/sdformat-9.2/sdf/Param.hh:85:22:[m[K [01;31m[Kerror: [m[Kuse of â€˜[01m[Kauto[m[Kâ€™ in lambda parameter declaration only available with â€˜[01m[K-std=c++14[m[Kâ€™ or â€˜[01m[K-std=gnu++14[m[Kâ€™
   85 |     std::visit([&os]([01;31m[Kauto[m[K const &v)
      |                      [01;31m[K^~~~[m[K
[01m[K/usr/include/sdformat-9.2/sdf/Param.hh:[m[K In lambda function:
[01m[K/usr/include/sdformat-9.2/sdf/Param.hh:87:28:[m[K [01;31m[Kerror: [m[Kmissing template arguments before â€˜[01m[K{[m[Kâ€™ token
   87 |         os << ParamStreamer[01;31m[K{[m[Kv};
      |                            [01;31m[K^[m[K
[01m[K/usr/include/sdformat-9.2/sdf/Param.hh:[m[K In function â€˜[01m[Kstd::ostream& sdf::v9::operator<<(std::ostream&, int)[m[Kâ€™:
[01m[K/usr/include/sdformat-9.2/sdf/Param.hh:88:10:[m[K [01;31m[Kerror: [m[Kâ€˜[01m[Ksv[m[Kâ€™ was not declared in this scope
   88 |       }, [01;31m[Ksv[m[K.val);
      |          [01;31m[K^~[m[K
[01m[K/usr/include/sdformat-9.2/sdf/Param.hh:[m[K At global scope:
[01m[K/usr/include/sdformat-9.2/sdf/Param.hh:173:30:[m[K [01;31m[Kerror: [m[Kâ€˜[01m[Kstd::any[m[Kâ€™ has not been declared
  173 |     public: bool GetAny(std::[01;31m[Kany[m[K &_anyVal) const;
      |                              [01;31m[K^~~[m[K
[01m[K/usr/include/sdformat-9.2/sdf/Param.hh:242:32:[m[K [01;31m[Kerror: [m[Kâ€˜[01m[Kany[m[Kâ€™ is not a member of â€˜[01m[Kstd[m[Kâ€™
  242 |     public: std::function<std::[01;31m[Kany[m[K ()> updateFunc;
      |                                [01;31m[K^~~[m[K
[01m[K/usr/include/sdformat-9.2/sdf/Param.hh:242:32:[m[K [01;36m[Knote: [m[Kâ€˜[01m[Kstd::any[m[Kâ€™ is only available from C++17 onwards
[01m[K/usr/include/sdformat-9.2/sdf/Param.hh:242:32:[m[K [01;31m[Kerror: [m[Kâ€˜[01m[Kany[m[Kâ€™ is not a member of â€˜[01m[Kstd[m[Kâ€™
[01m[K/usr/include/sdformat-9.2/sdf/Param.hh:242:32:[m[K [01;36m[Knote: [m[Kâ€˜[01m[Kstd::any[m[Kâ€™ is only available from C++17 onwards
[01m[K/usr/include/sdformat-9.2/sdf/Param.hh:242:38:[m[K [01;31m[Kerror: [m[Ktemplate argument 1 is invalid
  242 |     public: std::function<std::any ()[01;31m[K>[m[K updateFunc;
      |                                      [01;31m[K^[m[K
[01m[K/usr/include/sdformat-9.2/sdf/Param.hh:246:26:[m[K [01;31m[Kerror: [m[Kâ€˜[01m[Kvariant[m[Kâ€™ in namespace â€˜[01m[Kstd[m[Kâ€™ does not name a template type
  246 |     public: typedef std::[01;31m[Kvariant[m[K<bool, char, std::string, int, std::uint64_t,
      |                          [01;31m[K^~~~~~~[m[K
[01m[K/usr/include/sdformat-9.2/sdf/Param.hh:246:21:[m[K [01;36m[Knote: [m[Kâ€˜[01m[Kstd::variant[m[Kâ€™ is only available from C++17 onwards
  246 |     public: typedef [01;36m[Kstd[m[K::variant<bool, char, std::string, int, std::uint64_t,
      |                     [01;36m[K^~~[m[K
[01m[K/usr/include/sdformat-9.2/sdf/Param.hh:257:13:[m[K [01;31m[Kerror: [m[Kâ€˜[01m[KParamVariant[m[Kâ€™ does not name a type
  257 |     public: [01;31m[KParamVariant[m[K value;
      |             [01;31m[K^~~~~~~~~~~~[m[K
[01m[K/usr/include/sdformat-9.2/sdf/Param.hh:260:13:[m[K [01;31m[Kerror: [m[Kâ€˜[01m[KParamVariant[m[Kâ€™ does not name a type
  260 |     public: [01;31m[KParamVariant[m[K defaultValue;
      |             [01;31m[K^~~~~~~~~~~~[m[K
[01m[K/usr/include/sdformat-9.2/sdf/Param.hh:[m[K In member function â€˜[01m[Kbool sdf::v9::Param::Get(T&) const[m[Kâ€™:
[01m[K/usr/include/sdformat-9.2/sdf/Param.hh:298:69:[m[K [01;31m[Kerror: [m[Kâ€˜[01m[Kclass sdf::v9::ParamPrivate[m[Kâ€™ has no member named â€˜[01m[Kvalue[m[Kâ€™
  298 |         std::string strValue = std::get<std::string>(this->dataPtr->[01;31m[Kvalue[m[K);
      |                                                                     [01;31m[K^~~~~[m[K
[01m[K/usr/include/sdformat-9.2/sdf/Param.hh:318:25:[m[K [01;31m[Kerror: [m[Kâ€˜[01m[Kget_if[m[Kâ€™ is not a member of â€˜[01m[Kstd[m[Kâ€™
  318 |         T *value = std::[01;31m[Kget_if[m[K<T>(&this->dataPtr->value);
      |                         [01;31m[K^~~~~~[m[K
[01m[K/usr/include/sdformat-9.2/sdf/Param.hh:318:33:[m[K [01;31m[Kerror: [m[Kexpected primary-expression before â€˜[01m[K>[m[Kâ€™ token
  318 |         T *value = std::get_if<T[01;31m[K>[m[K(&this->dataPtr->value);
      |                                 [01;31m[K^[m[K
[01m[K/usr/include/sdformat-9.2/sdf/Param.hh:318:51:[m[K [01;31m[Kerror: [m[Kâ€˜[01m[Kclass sdf::v9::ParamPrivate[m[Kâ€™ has no member named â€˜[01m[Kvalue[m[Kâ€™
  318 |         T *value = std::get_if<T>(&this->dataPtr->[01;31m[Kvalue[m[K);
      |                                                   [01;31m[K^~~~~[m[K
[01m[K/usr/include/sdformat-9.2/sdf/Param.hh:324:30:[m[K [01;31m[Kerror: [m[Kmissing template arguments before â€˜[01m[K{[m[Kâ€™ token
  324 |           ss << ParamStreamer[01;31m[K{[m[Kthis->dataPtr->value};
      |                              [01;31m[K^[m[K
[01m[K/usr/include/sdformat-9.2/sdf/Param.hh:[m[K In member function â€˜[01m[Kbool sdf::v9::Param::GetDefault(T&) const[m[Kâ€™:
[01m[K/usr/include/sdformat-9.2/sdf/Param.hh:349:26:[m[K [01;31m[Kerror: [m[Kmissing template arguments before â€˜[01m[K{[m[Kâ€™ token
  349 |       ss << ParamStreamer[01;31m[K{[m[Kthis->dataPtr->defaultValue};
      |                          [01;31m[K^[m[K
[01m[K/usr/include/sdformat-9.2/sdf/Param.hh:[m[K In member function â€˜[01m[Kbool sdf::v9::Param::IsType() const[m[Kâ€™:
[01m[K/usr/include/sdformat-9.2/sdf/Param.hh:369:17:[m[K [01;31m[Kerror: [m[Kâ€˜[01m[Kholds_alternative[m[Kâ€™ is not a member of â€˜[01m[Kstd[m[Kâ€™
  369 |     return std::[01;31m[Kholds_alternative[m[K<Type>(this->dataPtr->value);
      |                 [01;31m[K^~~~~~~~~~~~~~~~~[m[K
[01m[K/usr/include/sdformat-9.2/sdf/Param.hh:369:39:[m[K [01;31m[Kerror: [m[Kexpected primary-expression before â€˜[01m[K>[m[Kâ€™ token
  369 |     return std::holds_alternative<Type[01;31m[K>[m[K(this->dataPtr->value);
      |                                       [01;31m[K^[m[K
[01m[K/usr/include/sdformat-9.2/sdf/Param.hh:369:56:[m[K [01;31m[Kerror: [m[Kâ€˜[01m[Kclass sdf::v9::ParamPrivate[m[Kâ€™ has no member named â€˜[01m[Kvalue[m[Kâ€™
  369 |     return std::holds_alternative<Type>(this->dataPtr->[01;31m[Kvalue[m[K);
      |                                                        [01;31m[K^~~~~[m[K
In file included from [01m[K/usr/include/sdformat-9.2/sdf/Actor.hh:25[m[K,
                 from [01m[K/usr/include/sdformat-9.2/sdf/sdf.hh:2[m[K,
                 from [01m[K/usr/include/gazebo-11/gazebo/common/Battery.hh:25[m[K,
                 from [01m[K/usr/include/gazebo-11/gazebo/common/common.hh:8[m[K,
                 from [01m[K/usr/include/gazebo-11/gazebo/gazebo_core.hh:19[m[K,
                 from [01m[K/usr/include/gazebo-11/gazebo/gazebo.hh:20[m[K,
                 from [01m[K/home/matt/disarm/disarm_ws/src/disarm_simulation/plugins/sensor_plugin.cc:5[m[K:
[01m[K/usr/include/sdformat-9.2/sdf/Element.hh:[m[K At global scope:
[01m[K/usr/include/sdformat-9.2/sdf/Element.hh:237:18:[m[K [01;31m[Kerror: [m[Kâ€˜[01m[Kany[m[Kâ€™ in namespace â€˜[01m[Kstd[m[Kâ€™ does not name a type
  237 |     public: std::[01;31m[Kany[m[K GetAny(const std::string &_key = "") const;
      |                  [01;31m[K^~~[m[K
[01m[K/usr/include/sdformat-9.2/sdf/Element.hh:237:13:[m[K [01;36m[Knote: [m[Kâ€˜[01m[Kstd::any[m[Kâ€™ is only available from C++17 onwards
  237 |     public: [01;36m[Kstd[m[K::any GetAny(const std::string &_key = "") const;
      |             [01;36m[K^~~[m[K
In file included from [01m[K/usr/include/gazebo-11/gazebo/physics/Entity.hh:35[m[K,
                 from [01m[K/usr/include/gazebo-11/gazebo/physics/Model.hh:30[m[K,
                 from [01m[K/usr/include/gazebo-11/gazebo/physics/Actor.hh:27[m[K,
                 from [01m[K/usr/include/gazebo-11/gazebo/physics/physics.hh:2[m[K,
                 from [01m[K/home/matt/disarm/disarm_ws/src/disarm_simulation/plugins/sensor_plugin.cc:6[m[K:
[01m[K/usr/include/gazebo-11/gazebo/physics/Base.hh:323:28:[m[K [01;31m[Kerror: [m[Kâ€˜[01m[Koptional[m[Kâ€™ in namespace â€˜[01m[Kstd[m[Kâ€™ does not name a template type
  323 |       public: virtual std::[01;31m[Koptional[m[K<sdf::SemanticPose> SDFSemanticPose() const;
      |                            [01;31m[K^~~~~~~~[m[K
[01m[K/usr/include/gazebo-11/gazebo/physics/Base.hh:323:23:[m[K [01;36m[Knote: [m[Kâ€˜[01m[Kstd::optional[m[Kâ€™ is only available from C++17 onwards
  323 |       public: virtual [01;36m[Kstd[m[K::optional<sdf::SemanticPose> SDFSemanticPose() const;
      |                       [01;36m[K^~~[m[K
In file included from [01m[K/usr/include/gazebo-11/gazebo/physics/Actor.hh:27[m[K,
                 from [01m[K/usr/include/gazebo-11/gazebo/physics/physics.hh:2[m[K,
                 from [01m[K/home/matt/disarm/disarm_ws/src/disarm_simulation/plugins/sensor_plugin.cc:6[m[K:
[01m[K/usr/include/gazebo-11/gazebo/physics/Model.hh:478:20:[m[K [01;31m[Kerror: [m[Kâ€˜[01m[Koptional[m[Kâ€™ in namespace â€˜[01m[Kstd[m[Kâ€™ does not name a template type
  478 |       public: std::[01;31m[Koptional[m[K<sdf::SemanticPose> SDFSemanticPose() const override;
      |                    [01;31m[K^~~~~~~~[m[K
[01m[K/usr/include/gazebo-11/gazebo/physics/Model.hh:478:15:[m[K [01;36m[Knote: [m[Kâ€˜[01m[Kstd::optional[m[Kâ€™ is only available from C++17 onwards
  478 |       public: [01;36m[Kstd[m[K::optional<sdf::SemanticPose> SDFSemanticPose() const override;
      |               [01;36m[K^~~[m[K
In file included from [01m[K/usr/include/gazebo-11/gazebo/physics/BallJoint.hh:25[m[K,
                 from [01m[K/usr/include/gazebo-11/gazebo/physics/physics.hh:6[m[K,
                 from [01m[K/home/matt/disarm/disarm_ws/src/disarm_simulation/plugins/sensor_plugin.cc:6[m[K:
[01m[K/usr/include/gazebo-11/gazebo/physics/Joint.hh:594:28:[m[K [01;31m[Kerror: [m[Kâ€˜[01m[Koptional[m[Kâ€™ in namespace â€˜[01m[Kstd[m[Kâ€™ does not name a template type
  594 |       public: virtual std::[01;31m[Koptional[m[K<sdf::SemanticPose> SDFSemanticPose()
      |                            [01;31m[K^~~~~~~~[m[K
[01m[K/usr/include/gazebo-11/gazebo/physics/Joint.hh:594:23:[m[K [01;36m[Knote: [m[Kâ€˜[01m[Kstd::optional[m[Kâ€™ is only available from C++17 onwards
  594 |       public: virtual [01;36m[Kstd[m[K::optional<sdf::SemanticPose> SDFSemanticPose()
      |                       [01;36m[K^~~[m[K
In file included from [01m[K/usr/include/gazebo-11/gazebo/physics/physics.hh:9[m[K,
                 from [01m[K/home/matt/disarm/disarm_ws/src/disarm_simulation/plugins/sensor_plugin.cc:6[m[K:
[01m[K/usr/include/gazebo-11/gazebo/physics/Collision.hh:205:28:[m[K [01;31m[Kerror: [m[Kâ€˜[01m[Koptional[m[Kâ€™ in namespace â€˜[01m[Kstd[m[Kâ€™ does not name a template type
  205 |       public: virtual std::[01;31m[Koptional[m[K<sdf::SemanticPose> SDFSemanticPose()
      |                            [01;31m[K^~~~~~~~[m[K
[01m[K/usr/include/gazebo-11/gazebo/physics/Collision.hh:205:23:[m[K [01;36m[Knote: [m[Kâ€˜[01m[Kstd::optional[m[Kâ€™ is only available from C++17 onwards
  205 |       public: virtual [01;36m[Kstd[m[K::optional<sdf::SemanticPose> SDFSemanticPose()
      |                       [01;36m[K^~~[m[K
In file included from [01m[K/usr/include/gazebo-11/gazebo/physics/physics.hh:26[m[K,
                 from [01m[K/home/matt/disarm/disarm_ws/src/disarm_simulation/plugins/sensor_plugin.cc:6[m[K:
[01m[K/usr/include/gazebo-11/gazebo/physics/Light.hh:78:20:[m[K [01;31m[Kerror: [m[Kâ€˜[01m[Koptional[m[Kâ€™ in namespace â€˜[01m[Kstd[m[Kâ€™ does not name a template type
   78 |       public: std::[01;31m[Koptional[m[K<sdf::SemanticPose> SDFSemanticPose() const override;
      |                    [01;31m[K^~~~~~~~[m[K
[01m[K/usr/include/gazebo-11/gazebo/physics/Light.hh:78:15:[m[K [01;36m[Knote: [m[Kâ€˜[01m[Kstd::optional[m[Kâ€™ is only available from C++17 onwards
   78 |       public: [01;36m[Kstd[m[K::optional<sdf::SemanticPose> SDFSemanticPose() const override;
      |               [01;36m[K^~~[m[K
In file included from [01m[K/usr/include/gazebo-11/gazebo/physics/physics.hh:28[m[K,
                 from [01m[K/home/matt/disarm/disarm_ws/src/disarm_simulation/plugins/sensor_plugin.cc:6[m[K:
[01m[K/usr/include/gazebo-11/gazebo/physics/Link.hh:617:20:[m[K [01;31m[Kerror: [m[Kâ€˜[01m[Koptional[m[Kâ€™ in namespace â€˜[01m[Kstd[m[Kâ€™ does not name a template type
  617 |       public: std::[01;31m[Koptional[m[K<sdf::SemanticPose> SDFSemanticPose() const override;
      |                    [01;31m[K^~~~~~~~[m[K
[01m[K/usr/include/gazebo-11/gazebo/physics/Link.hh:617:15:[m[K [01;36m[Knote: [m[Kâ€˜[01m[Kstd::optional[m[Kâ€™ is only available from C++17 onwards
  617 |       public: [01;36m[Kstd[m[K::optional<sdf::SemanticPose> SDFSemanticPose() const override;
      |               [01;36m[K^~~[m[K
In file included from [01m[K/usr/include/gazebo-11/gazebo/physics/physics.hh:36[m[K,
                 from [01m[K/home/matt/disarm/disarm_ws/src/disarm_simulation/plugins/sensor_plugin.cc:6[m[K:
[01m[K/usr/include/gazebo-11/gazebo/physics/PhysicsEngine.hh:[m[K In static member function â€˜[01m[Kstatic T gazebo::physics::PhysicsEngine::any_cast(const boost::any&)[m[Kâ€™:
[01m[K/usr/include/gazebo-11/gazebo/physics/PhysicsEngine.hh:274:45:[m[K [01;31m[Kerror: [m[Kâ€˜[01m[Kany[m[Kâ€™ is not a member of â€˜[01m[Kstd[m[Kâ€™
  274 |           auto value = boost::any_cast<std::[01;31m[Kany[m[K>(_value);
      |                                             [01;31m[K^~~[m[K
[01m[K/usr/include/gazebo-11/gazebo/physics/PhysicsEngine.hh:274:45:[m[K [01;36m[Knote: [m[Kâ€˜[01m[Kstd::any[m[Kâ€™ is only available from C++17 onwards
[01m[K/usr/include/gazebo-11/gazebo/physics/PhysicsEngine.hh:274:45:[m[K [01;31m[Kerror: [m[Kâ€˜[01m[Kany[m[Kâ€™ is not a member of â€˜[01m[Kstd[m[Kâ€™
[01m[K/usr/include/gazebo-11/gazebo/physics/PhysicsEngine.hh:274:45:[m[K [01;36m[Knote: [m[Kâ€˜[01m[Kstd::any[m[Kâ€™ is only available from C++17 onwards
[01m[K/usr/include/gazebo-11/gazebo/physics/PhysicsEngine.hh:275:23:[m[K [01;31m[Kerror: [m[Kâ€˜[01m[Kany_cast[m[Kâ€™ is not a member of â€˜[01m[Kstd[m[Kâ€™
  275 |           return std::[01;31m[Kany_cast[m[K<T>(value);
      |                       [01;31m[K^~~~~~~~[m[K
[01m[K/usr/include/gazebo-11/gazebo/physics/PhysicsEngine.hh:275:23:[m[K [01;36m[Knote: [m[Kâ€˜[01m[Kstd::any_cast[m[Kâ€™ is only available from C++17 onwards
[01m[K/usr/include/gazebo-11/gazebo/physics/PhysicsEngine.hh:275:33:[m[K [01;31m[Kerror: [m[Kexpected primary-expression before â€˜[01m[K>[m[Kâ€™ token
  275 |           return std::any_cast<T[01;31m[K>[m[K(value);
      |                                 [01;31m[K^[m[K
make[2]: *** [CMakeFiles/sensor_plugin.dir/build.make:63: CMakeFiles/sensor_plugin.dir/plugins/sensor_plugin.cc.o] Error 1
make[1]: *** [CMakeFiles/Makefile2:213: CMakeFiles/sensor_plugin.dir/all] Error 2
make: *** [Makefile:141: all] Error 2
